[debug] [2019-10-22T02:12:40.139Z] ----------------------------------------------------------------------
[debug] [2019-10-22T02:12:40.142Z] Command:       C:\Program Files\nodejs\node.exe C:\Users\devda\AppData\Roaming\npm\node_modules\firebase-tools\lib\bin\firebase.js serve
[debug] [2019-10-22T02:12:40.142Z] CLI Version:   7.4.0
[debug] [2019-10-22T02:12:40.142Z] Platform:      win32
[debug] [2019-10-22T02:12:40.142Z] Node Version:  v10.13.0
[debug] [2019-10-22T02:12:40.144Z] Time:          Mon Oct 21 2019 22:12:40 GMT-0400 (Eastern Daylight Time)
[debug] [2019-10-22T02:12:40.144Z] ----------------------------------------------------------------------
[debug] 
[debug] [2019-10-22T02:12:40.156Z] > command requires scopes: ["email","openid","https://www.googleapis.com/auth/cloudplatformprojects.readonly","https://www.googleapis.com/auth/firebase","https://www.googleapis.com/auth/cloud-platform"]
[debug] [2019-10-22T02:12:40.156Z] > authorizing via signed-in user
[debug] [2019-10-22T02:12:40.157Z] [iam] checking project color-burst-b7465 for permissions ["firebase.projects.get"]
[debug] [2019-10-22T02:12:40.158Z] >>> HTTP REQUEST POST https://cloudresourcemanager.googleapis.com/v1/projects/color-burst-b7465:testIamPermissions  

[debug] [2019-10-22T02:12:40.471Z] <<< HTTP RESPONSE 200
[debug] [2019-10-22T02:12:40.472Z] >>> HTTP REQUEST GET https://firebase.googleapis.com/v1beta1/projects/color-burst-b7465  
 
[debug] [2019-10-22T02:12:40.714Z] <<< HTTP RESPONSE 200
[info] 
[info] === Serving from 'C:\Users\devda\OneDrive\Desktop\Color-project\color-burst'...
[info] 
[debug] [2019-10-22T02:12:40.721Z] >>> HTTP REQUEST GET https://firebase.googleapis.com/v1beta1/projects/color-burst-b7465/webApps/-/config  
 
[debug] [2019-10-22T02:12:40.999Z] <<< HTTP RESPONSE 200
[info] i  hosting: Serving hosting files from: build
[info] +  hosting: Local server: http://localhost:5000
